2017.05.26 16:44:09 INFO  [o.s.s.c.t.CeWorkerCallableImpl] Execute task | project=com.mycompany.app:my-app | type=REPORT | id=AVxGgIX86kuxQdGEyrtU | submitter=admin
2017.05.26 16:44:09 INFO  [o.s.s.c.s.ExtractReportStep] Analysis report extracted | compressedSize=7 KB
2017.05.26 16:44:09 INFO  [o.s.s.c.s.ComputationStepExecutor] Extract report | time=4ms
2017.05.26 16:44:09 INFO  [o.s.s.c.s.LogScannerContextStep] SonarQube plugins:
2017.05.26 16:44:09 INFO  [o.s.s.c.s.LogScannerContextStep]   - C# 5.0 (csharp)
2017.05.26 16:44:09 INFO  [o.s.s.c.s.LogScannerContextStep]   - Java 3.13.1 (java)
2017.05.26 16:44:09 INFO  [o.s.s.c.s.LogScannerContextStep]   - SVN 1.3 (scmsvn)
2017.05.26 16:44:09 INFO  [o.s.s.c.s.LogScannerContextStep]   - Git 1.2 (scmgit)
2017.05.26 16:44:09 INFO  [o.s.s.c.s.LogScannerContextStep]   - JavaScript 2.11 (javascript)
2017.05.26 16:44:09 INFO  [o.s.s.c.s.LogScannerContextStep] Global properties:
2017.05.26 16:44:09 INFO  [o.s.s.c.s.LogScannerContextStep]   - sonar.core.id=20170526161530
2017.05.26 16:44:09 INFO  [o.s.s.c.s.LogScannerContextStep]   - sonar.core.startTime=2017-05-26T16:15:30-0400
2017.05.26 16:44:09 INFO  [o.s.s.c.s.LogScannerContextStep]   - sonar.core.version=5.6.6
2017.05.26 16:44:09 INFO  [o.s.s.c.s.LogScannerContextStep]   - sonar.permission.template.default=default_template
2017.05.26 16:44:09 INFO  [o.s.s.c.s.LogScannerContextStep]   - sonar.qualitygate=1
2017.05.26 16:44:09 INFO  [o.s.s.c.s.LogScannerContextStep] Settings for module: com.mycompany.app:my-app
2017.05.26 16:44:09 INFO  [o.s.s.c.s.LogScannerContextStep]   - sonar.host.url=http://localhost:9000
2017.05.26 16:44:09 INFO  [o.s.s.c.s.LogScannerContextStep]   - sonar.java.libraries=/var/lib/jenkins/workspace/MavenTest2/.repository/org/sonarsource/scanner/api/sonar-scanner-api/2.7/sonar-scanner-api-2.7.jar
2017.05.26 16:44:09 INFO  [o.s.s.c.s.LogScannerContextStep]   - sonar.java.source=1.5
2017.05.26 16:44:09 INFO  [o.s.s.c.s.LogScannerContextStep]   - sonar.java.target=1.5
2017.05.26 16:44:09 INFO  [o.s.s.c.s.LogScannerContextStep]   - sonar.java.test.libraries=/var/lib/jenkins/workspace/MavenTest2/.repository/junit/junit/3.8.1/junit-3.8.1.jar,/var/lib/jenkins/workspace/MavenTest2/.repository/org/sonarsource/scanner/api/sonar-scanner-api/2.7/sonar-scanner-api-2.7.jar
2017.05.26 16:44:09 INFO  [o.s.s.c.s.LogScannerContextStep]   - sonar.libraries=/var/lib/jenkins/workspace/MavenTest2/.repository/org/sonarsource/scanner/api/sonar-scanner-api/2.7/sonar-scanner-api-2.7.jar
2017.05.26 16:44:09 INFO  [o.s.s.c.s.LogScannerContextStep]   - sonar.links.ci=
2017.05.26 16:44:09 INFO  [o.s.s.c.s.LogScannerContextStep]   - sonar.links.homepage=http://maven.apache.org
2017.05.26 16:44:09 INFO  [o.s.s.c.s.LogScannerContextStep]   - sonar.links.issue=
2017.05.26 16:44:09 INFO  [o.s.s.c.s.LogScannerContextStep]   - sonar.links.scm=
2017.05.26 16:44:09 INFO  [o.s.s.c.s.LogScannerContextStep]   - sonar.links.scm_dev=
2017.05.26 16:44:09 INFO  [o.s.s.c.s.LogScannerContextStep]   - sonar.login=******
2017.05.26 16:44:09 INFO  [o.s.s.c.s.LogScannerContextStep]   - sonar.maven.projectDependencies=[{"k":"junit:junit","v":"3.8.1","s":"test","d":[]},{"k":"org.sonarsource.scanner.api:sonar-scanner-api","v":"2.7","s":"compile","d":[]}]
2017.05.26 16:44:09 INFO  [o.s.s.c.s.LogScannerContextStep]   - sonar.moduleKey=com.mycompany.app:my-app
2017.05.26 16:44:09 INFO  [o.s.s.c.s.LogScannerContextStep]   - sonar.password=******
2017.05.26 16:44:09 INFO  [o.s.s.c.s.LogScannerContextStep]   - sonar.projectBaseDir=/var/lib/jenkins/workspace/MavenTest2
2017.05.26 16:44:09 INFO  [o.s.s.c.s.LogScannerContextStep]   - sonar.projectBuildDir=/var/lib/jenkins/workspace/MavenTest2/target
2017.05.26 16:44:09 INFO  [o.s.s.c.s.LogScannerContextStep]   - sonar.projectKey=com.mycompany.app:my-app
2017.05.26 16:44:09 INFO  [o.s.s.c.s.LogScannerContextStep]   - sonar.projectName=my-app
2017.05.26 16:44:09 INFO  [o.s.s.c.s.LogScannerContextStep]   - sonar.projectVersion=1.0-SNAPSHOT
2017.05.26 16:44:09 INFO  [o.s.s.c.s.LogScannerContextStep]   - sonar.sourceEncoding=UTF-8
2017.05.26 16:44:09 INFO  [o.s.s.c.s.LogScannerContextStep]   - sonar.sources=/var/lib/jenkins/workspace/MavenTest2/pom.xml,/var/lib/jenkins/workspace/MavenTest2/src/main/java
2017.05.26 16:44:09 INFO  [o.s.s.c.s.LogScannerContextStep]   - sonar.tests=/var/lib/jenkins/workspace/MavenTest2/src/test/java
2017.05.26 16:44:09 INFO  [o.s.s.c.s.LogScannerContextStep]   - sonar.working.directory=/var/lib/jenkins/workspace/MavenTest2/target/sonar
2017.05.26 16:44:09 INFO  [o.s.s.c.s.ComputationStepExecutor] Log scanner context | time=1ms
2017.05.26 16:44:09 INFO  [o.s.s.c.s.ComputationStepExecutor] Load analysis metadata | time=0ms
2017.05.26 16:44:09 INFO  [o.s.s.c.s.ComputationStepExecutor] Build tree of components | time=5ms
2017.05.26 16:44:09 INFO  [o.s.s.c.s.ComputationStepExecutor] Validate project | time=4ms
2017.05.26 16:44:09 INFO  [o.s.s.c.s.ComputationStepExecutor] Load quality profiles | time=454ms
2017.05.26 16:44:09 INFO  [o.s.s.c.s.ComputationStepExecutor] Load Quality gate | time=5ms
2017.05.26 16:44:09 INFO  [o.s.s.c.s.ComputationStepExecutor] Load differential periods | time=7ms
2017.05.26 16:44:09 INFO  [o.s.s.c.s.ComputationStepExecutor] Load inner file and in project duplications | time=1ms
2017.05.26 16:44:09 INFO  [o.s.s.c.d.CrossProjectDuplicationStatusHolderImpl] Cross project duplication is disabled because it's disabled in the analysis report
2017.05.26 16:44:09 INFO  [o.s.s.c.s.ComputationStepExecutor] Compute cross project duplications | time=0ms
2017.05.26 16:44:09 INFO  [o.s.s.c.s.ComputationStepExecutor] Compute size measures | time=1ms
2017.05.26 16:44:09 INFO  [o.s.s.c.s.ComputationStepExecutor] Compute new coverage | time=8ms
2017.05.26 16:44:09 INFO  [o.s.s.c.s.ComputationStepExecutor] Compute coverage measures | time=0ms
2017.05.26 16:44:09 INFO  [o.s.s.c.s.ComputationStepExecutor] Compute comment measures | time=1ms
2017.05.26 16:44:09 INFO  [o.s.s.c.s.ComputationStepExecutor] Copy custom measures | time=3ms
2017.05.26 16:44:09 INFO  [o.s.s.c.s.ComputationStepExecutor] Compute duplication measures | time=0ms
2017.05.26 16:44:09 INFO  [o.s.s.c.s.ComputationStepExecutor] Compute duplication data measures | time=0ms
2017.05.26 16:44:09 INFO  [o.s.s.c.s.ComputationStepExecutor] Compute language distribution | time=0ms
2017.05.26 16:44:09 INFO  [o.s.s.c.s.ComputationStepExecutor] Compute test measures | time=0ms
2017.05.26 16:44:09 INFO  [o.s.s.c.s.ComputationStepExecutor] Compute complexity measures | time=1ms
2017.05.26 16:44:09 INFO  [o.s.s.c.s.ComputationStepExecutor] Load measure computers | time=0ms
2017.05.26 16:44:09 INFO  [o.s.s.c.s.ExecuteVisitorsStep]   Execution time for each component visitor:
2017.05.26 16:44:09 INFO  [o.s.s.c.s.ExecuteVisitorsStep]   - LoadComponentUuidsHavingOpenIssuesVisitor | time=5ms
2017.05.26 16:44:09 INFO  [o.s.s.c.s.ExecuteVisitorsStep]   - IntegrateIssuesVisitor | time=20ms
2017.05.26 16:44:09 INFO  [o.s.s.c.s.ExecuteVisitorsStep]   - CloseIssuesOnRemovedComponentsVisitor | time=0ms
2017.05.26 16:44:09 INFO  [o.s.s.c.s.ExecuteVisitorsStep]   - QualityModelMeasuresVisitor | time=0ms
2017.05.26 16:44:09 INFO  [o.s.s.c.s.ExecuteVisitorsStep]   - NewQualityModelMeasuresVisitor | time=0ms
2017.05.26 16:44:09 INFO  [o.s.s.c.s.ExecuteVisitorsStep]   - LastCommitVisitor | time=0ms
2017.05.26 16:44:09 INFO  [o.s.s.c.s.ExecuteVisitorsStep]   - MeasureComputersVisitor | time=0ms
2017.05.26 16:44:09 INFO  [o.s.s.c.s.ComputationStepExecutor] Execute component visitors | time=29ms
2017.05.26 16:44:09 INFO  [o.s.s.c.s.ComputationStepExecutor] Compute measure variations | time=52ms
2017.05.26 16:44:09 INFO  [o.s.s.c.s.ComputationStepExecutor] Compute Quality Gate measures | time=1ms
2017.05.26 16:44:09 INFO  [o.s.s.c.s.ComputationStepExecutor] Compute Quality profile measures | time=0ms
2017.05.26 16:44:09 INFO  [o.s.s.c.s.ComputationStepExecutor] Generate Quality profile events | time=3ms
2017.05.26 16:44:09 INFO  [o.s.s.c.s.ComputationStepExecutor] Generate Quality gate events | time=1ms
2017.05.26 16:44:09 INFO  [o.s.s.c.s.ComputationStepExecutor] Persist components | time=2ms
2017.05.26 16:44:09 INFO  [o.s.s.c.s.ComputationStepExecutor] Persist snapshots | time=4ms
2017.05.26 16:44:09 INFO  [o.s.s.c.s.ComputationStepExecutor] Persist measures | time=108ms
2017.05.26 16:44:09 INFO  [o.s.s.c.s.ComputationStepExecutor] Persist issues | time=4ms
2017.05.26 16:44:09 INFO  [o.s.s.c.s.ComputationStepExecutor] Persist project links | time=2ms
2017.05.26 16:44:09 INFO  [o.s.s.c.s.ComputationStepExecutor] Persist events | time=2ms
2017.05.26 16:44:09 INFO  [o.s.s.c.s.ComputationStepExecutor] Persist sources | time=20ms
2017.05.26 16:44:09 INFO  [o.s.s.c.s.ComputationStepExecutor] Persist tests | time=1ms
2017.05.26 16:44:09 INFO  [o.s.s.c.s.ComputationStepExecutor] Persist cross project duplications index | time=0ms
2017.05.26 16:44:09 INFO  [o.s.s.c.s.ComputationStepExecutor] Enable snapshot | time=5ms
2017.05.26 16:44:09 INFO  [o.s.s.c.s.ComputationStepExecutor] Index components | time=4ms
2017.05.26 16:44:09 INFO  [o.s.s.c.s.ComputationStepExecutor] Purge db | time=20ms
2017.05.26 16:44:09 INFO  [o.s.s.c.s.ComputationStepExecutor] Apply permissions | time=2ms
2017.05.26 16:44:09 INFO  [o.s.s.c.s.ComputationStepExecutor] Index issues | time=4ms
2017.05.26 16:44:09 INFO  [o.s.s.c.s.ComputationStepExecutor] Index tests | time=28ms
2017.05.26 16:44:09 INFO  [o.s.s.c.s.ComputationStepExecutor] Send issue notifications | time=2ms
2017.05.26 16:44:09 INFO  [o.s.s.c.s.ComputationStepExecutor] Publish task results | time=0ms
2017.05.26 16:44:09 INFO  [o.s.s.c.t.CeWorkerCallableImpl] Executed task | project=com.mycompany.app:my-app | type=REPORT | id=AVxGgIX86kuxQdGEyrtU | submitter=admin | time=886ms
