2017.05.29 16:51:19 INFO  [o.s.s.c.t.CeWorkerCallableImpl] Execute task | project=com.mycompany.app:my-app | type=REPORT | id=AVxV-iuDX1YyFYKs62OZ | submitter=admin
2017.05.29 16:51:19 INFO  [o.s.s.c.s.ExtractReportStep] Analysis report extracted | compressedSize=3 KB
2017.05.29 16:51:19 INFO  [o.s.s.c.s.ComputationStepExecutor] Extract report | time=1ms
2017.05.29 16:51:19 INFO  [o.s.s.c.s.LogScannerContextStep] SonarQube plugins:
2017.05.29 16:51:19 INFO  [o.s.s.c.s.LogScannerContextStep]   - C# 5.0 (csharp)
2017.05.29 16:51:19 INFO  [o.s.s.c.s.LogScannerContextStep]   - Java 3.13.1 (java)
2017.05.29 16:51:19 INFO  [o.s.s.c.s.LogScannerContextStep]   - SVN 1.3 (scmsvn)
2017.05.29 16:51:19 INFO  [o.s.s.c.s.LogScannerContextStep]   - Git 1.2 (scmgit)
2017.05.29 16:51:19 INFO  [o.s.s.c.s.LogScannerContextStep]   - JavaScript 2.11 (javascript)
2017.05.29 16:51:19 INFO  [o.s.s.c.s.LogScannerContextStep] Global properties:
2017.05.29 16:51:19 INFO  [o.s.s.c.s.LogScannerContextStep]   - sonar.core.id=20170529142934
2017.05.29 16:51:19 INFO  [o.s.s.c.s.LogScannerContextStep]   - sonar.core.startTime=2017-05-29T14:29:34-0400
2017.05.29 16:51:19 INFO  [o.s.s.c.s.LogScannerContextStep]   - sonar.core.version=5.6.6
2017.05.29 16:51:19 INFO  [o.s.s.c.s.LogScannerContextStep]   - sonar.permission.template.default=default_template
2017.05.29 16:51:19 INFO  [o.s.s.c.s.LogScannerContextStep]   - sonar.qualitygate=1
2017.05.29 16:51:19 INFO  [o.s.s.c.s.LogScannerContextStep] Settings for module: com.mycompany.app:my-app
2017.05.29 16:51:19 INFO  [o.s.s.c.s.LogScannerContextStep]   - sonar.host.url=http://localhost:9000
2017.05.29 16:51:19 INFO  [o.s.s.c.s.LogScannerContextStep]   - sonar.login=******
2017.05.29 16:51:19 INFO  [o.s.s.c.s.LogScannerContextStep]   - sonar.passord=admin
2017.05.29 16:51:19 INFO  [o.s.s.c.s.LogScannerContextStep]   - sonar.projectBaseDir=/var/lib/jenkins/workspace/MavenTest2
2017.05.29 16:51:19 INFO  [o.s.s.c.s.LogScannerContextStep]   - sonar.projectKey=com.mycompany.app:my-app
2017.05.29 16:51:19 INFO  [o.s.s.c.s.LogScannerContextStep]   - sonar.projectName=MavenTest2
2017.05.29 16:51:19 INFO  [o.s.s.c.s.LogScannerContextStep]   - sonar.projectVersion=1.0
2017.05.29 16:51:19 INFO  [o.s.s.c.s.LogScannerContextStep]   - sonar.sourceEncoding=UTF-8
2017.05.29 16:51:19 INFO  [o.s.s.c.s.LogScannerContextStep]   - sonar.sources=/home/etentho/Developer/MavenTest
2017.05.29 16:51:19 INFO  [o.s.s.c.s.LogScannerContextStep]   - sonar.working.directory=/var/lib/jenkins/workspace/MavenTest2/.scannerwork
2017.05.29 16:51:19 INFO  [o.s.s.c.s.ComputationStepExecutor] Log scanner context | time=0ms
2017.05.29 16:51:19 INFO  [o.s.s.c.s.ComputationStepExecutor] Load analysis metadata | time=0ms
2017.05.29 16:51:19 INFO  [o.s.s.c.s.ComputationStepExecutor] Build tree of components | time=5ms
2017.05.29 16:51:19 INFO  [o.s.s.c.s.ComputationStepExecutor] Validate project | time=3ms
2017.05.29 16:51:19 INFO  [o.s.s.c.s.ComputationStepExecutor] Load quality profiles | time=456ms
2017.05.29 16:51:19 INFO  [o.s.s.c.s.ComputationStepExecutor] Load Quality gate | time=6ms
2017.05.29 16:51:19 INFO  [o.s.s.c.s.ComputationStepExecutor] Load differential periods | time=10ms
2017.05.29 16:51:19 INFO  [o.s.s.c.s.ComputationStepExecutor] Load inner file and in project duplications | time=0ms
2017.05.29 16:51:19 INFO  [o.s.s.c.d.CrossProjectDuplicationStatusHolderImpl] Cross project duplication is disabled because it's disabled in the analysis report
2017.05.29 16:51:19 INFO  [o.s.s.c.s.ComputationStepExecutor] Compute cross project duplications | time=0ms
2017.05.29 16:51:19 INFO  [o.s.s.c.s.ComputationStepExecutor] Compute size measures | time=0ms
2017.05.29 16:51:19 INFO  [o.s.s.c.s.ComputationStepExecutor] Compute new coverage | time=0ms
2017.05.29 16:51:19 INFO  [o.s.s.c.s.ComputationStepExecutor] Compute coverage measures | time=0ms
2017.05.29 16:51:19 INFO  [o.s.s.c.s.ComputationStepExecutor] Compute comment measures | time=0ms
2017.05.29 16:51:19 INFO  [o.s.s.c.s.ComputationStepExecutor] Copy custom measures | time=1ms
2017.05.29 16:51:19 INFO  [o.s.s.c.s.ComputationStepExecutor] Compute duplication measures | time=1ms
2017.05.29 16:51:19 INFO  [o.s.s.c.s.ComputationStepExecutor] Compute duplication data measures | time=0ms
2017.05.29 16:51:19 INFO  [o.s.s.c.s.ComputationStepExecutor] Compute language distribution | time=0ms
2017.05.29 16:51:19 INFO  [o.s.s.c.s.ComputationStepExecutor] Compute test measures | time=0ms
2017.05.29 16:51:19 INFO  [o.s.s.c.s.ComputationStepExecutor] Compute complexity measures | time=1ms
2017.05.29 16:51:19 INFO  [o.s.s.c.s.ComputationStepExecutor] Load measure computers | time=0ms
2017.05.29 16:51:19 INFO  [o.s.s.c.s.ExecuteVisitorsStep]   Execution time for each component visitor:
2017.05.29 16:51:19 INFO  [o.s.s.c.s.ExecuteVisitorsStep]   - LoadComponentUuidsHavingOpenIssuesVisitor | time=2ms
2017.05.29 16:51:19 INFO  [o.s.s.c.s.ExecuteVisitorsStep]   - IntegrateIssuesVisitor | time=4ms
2017.05.29 16:51:19 INFO  [o.s.s.c.s.ExecuteVisitorsStep]   - CloseIssuesOnRemovedComponentsVisitor | time=0ms
2017.05.29 16:51:19 INFO  [o.s.s.c.s.ExecuteVisitorsStep]   - QualityModelMeasuresVisitor | time=0ms
2017.05.29 16:51:19 INFO  [o.s.s.c.s.ExecuteVisitorsStep]   - NewQualityModelMeasuresVisitor | time=0ms
2017.05.29 16:51:19 INFO  [o.s.s.c.s.ExecuteVisitorsStep]   - LastCommitVisitor | time=0ms
2017.05.29 16:51:19 INFO  [o.s.s.c.s.ExecuteVisitorsStep]   - MeasureComputersVisitor | time=0ms
2017.05.29 16:51:19 INFO  [o.s.s.c.s.ComputationStepExecutor] Execute component visitors | time=6ms
2017.05.29 16:51:19 INFO  [o.s.s.c.s.ComputationStepExecutor] Compute measure variations | time=10ms
2017.05.29 16:51:19 INFO  [o.s.s.c.s.ComputationStepExecutor] Compute Quality Gate measures | time=1ms
2017.05.29 16:51:19 INFO  [o.s.s.c.s.ComputationStepExecutor] Compute Quality profile measures | time=0ms
2017.05.29 16:51:19 INFO  [o.s.s.c.s.ComputationStepExecutor] Generate Quality profile events | time=2ms
2017.05.29 16:51:19 INFO  [o.s.s.c.s.ComputationStepExecutor] Generate Quality gate events | time=2ms
2017.05.29 16:51:19 INFO  [o.s.s.c.s.ComputationStepExecutor] Persist components | time=3ms
2017.05.29 16:51:19 INFO  [o.s.s.c.s.ComputationStepExecutor] Persist snapshots | time=2ms
2017.05.29 16:51:19 INFO  [o.s.s.c.s.ComputationStepExecutor] Persist measures | time=8ms
2017.05.29 16:51:19 INFO  [o.s.s.c.s.ComputationStepExecutor] Persist issues | time=1ms
2017.05.29 16:51:19 INFO  [o.s.s.c.s.ComputationStepExecutor] Persist project links | time=1ms
2017.05.29 16:51:19 INFO  [o.s.s.c.s.ComputationStepExecutor] Persist events | time=2ms
2017.05.29 16:51:19 INFO  [o.s.s.c.s.ComputationStepExecutor] Persist sources | time=1ms
2017.05.29 16:51:19 INFO  [o.s.s.c.s.ComputationStepExecutor] Persist tests | time=1ms
2017.05.29 16:51:19 INFO  [o.s.s.c.s.ComputationStepExecutor] Persist cross project duplications index | time=1ms
2017.05.29 16:51:19 INFO  [o.s.s.c.s.ComputationStepExecutor] Enable snapshot | time=4ms
2017.05.29 16:51:19 INFO  [o.s.s.c.s.ComputationStepExecutor] Index components | time=3ms
2017.05.29 16:51:19 INFO  [o.s.s.c.s.ComputationStepExecutor] Purge db | time=8ms
2017.05.29 16:51:19 INFO  [o.s.s.c.s.ComputationStepExecutor] Apply permissions | time=3ms
2017.05.29 16:51:19 INFO  [o.s.s.c.s.ComputationStepExecutor] Index issues | time=5ms
2017.05.29 16:51:19 INFO  [o.s.s.c.s.ComputationStepExecutor] Index tests | time=5ms
2017.05.29 16:51:19 INFO  [o.s.s.c.s.ComputationStepExecutor] Send issue notifications | time=5ms
2017.05.29 16:51:19 INFO  [o.s.s.c.s.ComputationStepExecutor] Publish task results | time=0ms
2017.05.29 16:51:19 INFO  [o.s.s.c.t.CeWorkerCallableImpl] Executed task | project=com.mycompany.app:my-app | type=REPORT | id=AVxV-iuDX1YyFYKs62OZ | submitter=admin | time=649ms
