2017.05.29 17:08:56 INFO  [o.s.s.c.t.CeWorkerCallableImpl] Execute task | project=GradleTest | type=REPORT | id=AVxWCk82X1YyFYKs62Oe
2017.05.29 17:08:56 INFO  [o.s.s.c.s.ExtractReportStep] Analysis report extracted | compressedSize=7 KB
2017.05.29 17:08:56 INFO  [o.s.s.c.s.ComputationStepExecutor] Extract report | time=3ms
2017.05.29 17:08:56 INFO  [o.s.s.c.s.LogScannerContextStep] SonarQube plugins:
2017.05.29 17:08:56 INFO  [o.s.s.c.s.LogScannerContextStep]   - C# 5.0 (csharp)
2017.05.29 17:08:56 INFO  [o.s.s.c.s.LogScannerContextStep]   - Java 3.13.1 (java)
2017.05.29 17:08:56 INFO  [o.s.s.c.s.LogScannerContextStep]   - SVN 1.3 (scmsvn)
2017.05.29 17:08:56 INFO  [o.s.s.c.s.LogScannerContextStep]   - Git 1.2 (scmgit)
2017.05.29 17:08:56 INFO  [o.s.s.c.s.LogScannerContextStep]   - JavaScript 2.11 (javascript)
2017.05.29 17:08:56 INFO  [o.s.s.c.s.LogScannerContextStep] Global properties:
2017.05.29 17:08:56 INFO  [o.s.s.c.s.LogScannerContextStep]   - sonar.core.id=20170529142934
2017.05.29 17:08:56 INFO  [o.s.s.c.s.LogScannerContextStep]   - sonar.core.startTime=2017-05-29T14:29:34-0400
2017.05.29 17:08:56 INFO  [o.s.s.c.s.LogScannerContextStep]   - sonar.core.version=5.6.6
2017.05.29 17:08:56 INFO  [o.s.s.c.s.LogScannerContextStep]   - sonar.permission.template.default=default_template
2017.05.29 17:08:56 INFO  [o.s.s.c.s.LogScannerContextStep]   - sonar.qualitygate=1
2017.05.29 17:08:56 INFO  [o.s.s.c.s.LogScannerContextStep] Settings for module: GradleTest
2017.05.29 17:08:56 INFO  [o.s.s.c.s.LogScannerContextStep]   - sonar.binaries=/var/lib/jenkins/workspace/GradleTest/build/classes/main
2017.05.29 17:08:56 INFO  [o.s.s.c.s.LogScannerContextStep]   - sonar.java.binaries=/var/lib/jenkins/workspace/GradleTest/build/classes/main
2017.05.29 17:08:56 INFO  [o.s.s.c.s.LogScannerContextStep]   - sonar.java.libraries=/var/lib/jenkins/.gradle/caches/modules-2/files-2.1/joda-time/joda-time/2.2/a5f29a7acaddea3f4af307e8cf2d0cc82645fd7d/joda-time-2.2.jar,/usr/lib/jvm/java-8-oracle/jre/lib/rt.jar
2017.05.29 17:08:56 INFO  [o.s.s.c.s.LogScannerContextStep]   - sonar.java.source=1.8
2017.05.29 17:08:56 INFO  [o.s.s.c.s.LogScannerContextStep]   - sonar.java.target=1.8
2017.05.29 17:08:56 INFO  [o.s.s.c.s.LogScannerContextStep]   - sonar.java.test.binaries=/var/lib/jenkins/workspace/GradleTest/build/classes/main
2017.05.29 17:08:56 INFO  [o.s.s.c.s.LogScannerContextStep]   - sonar.java.test.libraries=/var/lib/jenkins/.gradle/caches/modules-2/files-2.1/joda-time/joda-time/2.2/a5f29a7acaddea3f4af307e8cf2d0cc82645fd7d/joda-time-2.2.jar,/var/lib/jenkins/.gradle/caches/modules-2/files-2.1/junit/junit/4.12/2973d150c0dc1fefe998f834810d68f278ea58ec/junit-4.12.jar,/var/lib/jenkins/.gradle/caches/modules-2/files-2.1/org.hamcrest/hamcrest-core/1.3/42a25dc3219429f0e5d060061f71acb49bf010a0/hamcrest-core-1.3.jar,/usr/lib/jvm/java-8-oracle/jre/lib/rt.jar
2017.05.29 17:08:56 INFO  [o.s.s.c.s.LogScannerContextStep]   - sonar.junit.reportsPath=/var/lib/jenkins/workspace/GradleTest/build/test-results
2017.05.29 17:08:56 INFO  [o.s.s.c.s.LogScannerContextStep]   - sonar.libraries=/var/lib/jenkins/.gradle/caches/modules-2/files-2.1/joda-time/joda-time/2.2/a5f29a7acaddea3f4af307e8cf2d0cc82645fd7d/joda-time-2.2.jar,/usr/lib/jvm/java-8-oracle/jre/lib/rt.jar
2017.05.29 17:08:56 INFO  [o.s.s.c.s.LogScannerContextStep]   - sonar.projectBaseDir=/var/lib/jenkins/workspace/GradleTest
2017.05.29 17:08:56 INFO  [o.s.s.c.s.LogScannerContextStep]   - sonar.projectKey=GradleTest
2017.05.29 17:08:56 INFO  [o.s.s.c.s.LogScannerContextStep]   - sonar.projectName=GradleTest
2017.05.29 17:08:56 INFO  [o.s.s.c.s.LogScannerContextStep]   - sonar.projectVersion=unspecified
2017.05.29 17:08:56 INFO  [o.s.s.c.s.LogScannerContextStep]   - sonar.sourceEncoding=UTF-8
2017.05.29 17:08:56 INFO  [o.s.s.c.s.LogScannerContextStep]   - sonar.sources=/var/lib/jenkins/workspace/GradleTest/src/main/java
2017.05.29 17:08:56 INFO  [o.s.s.c.s.LogScannerContextStep]   - sonar.surefire.reportsPath=/var/lib/jenkins/workspace/GradleTest/build/test-results
2017.05.29 17:08:56 INFO  [o.s.s.c.s.LogScannerContextStep]   - sonar.working.directory=/var/lib/jenkins/workspace/GradleTest/build/sonar
2017.05.29 17:08:56 INFO  [o.s.s.c.s.ComputationStepExecutor] Log scanner context | time=1ms
2017.05.29 17:08:56 INFO  [o.s.s.c.s.ComputationStepExecutor] Load analysis metadata | time=3ms
2017.05.29 17:08:56 INFO  [o.s.s.c.s.ComputationStepExecutor] Build tree of components | time=6ms
2017.05.29 17:08:56 INFO  [o.s.s.c.s.ComputationStepExecutor] Validate project | time=2ms
2017.05.29 17:08:57 INFO  [o.s.s.c.s.ComputationStepExecutor] Load quality profiles | time=356ms
2017.05.29 17:08:57 INFO  [o.s.s.c.s.ComputationStepExecutor] Load Quality gate | time=2ms
2017.05.29 17:08:57 INFO  [o.s.s.c.s.ComputationStepExecutor] Load differential periods | time=19ms
2017.05.29 17:08:57 INFO  [o.s.s.c.s.ComputationStepExecutor] Load inner file and in project duplications | time=0ms
2017.05.29 17:08:57 INFO  [o.s.s.c.d.CrossProjectDuplicationStatusHolderImpl] Cross project duplication is disabled because it's disabled in the analysis report
2017.05.29 17:08:57 INFO  [o.s.s.c.s.ComputationStepExecutor] Compute cross project duplications | time=0ms
2017.05.29 17:08:57 INFO  [o.s.s.c.s.ComputationStepExecutor] Compute size measures | time=1ms
2017.05.29 17:08:57 INFO  [o.s.s.c.s.ComputationStepExecutor] Compute new coverage | time=7ms
2017.05.29 17:08:57 INFO  [o.s.s.c.s.ComputationStepExecutor] Compute coverage measures | time=0ms
2017.05.29 17:08:57 INFO  [o.s.s.c.s.ComputationStepExecutor] Compute comment measures | time=1ms
2017.05.29 17:08:57 INFO  [o.s.s.c.s.ComputationStepExecutor] Copy custom measures | time=4ms
2017.05.29 17:08:57 INFO  [o.s.s.c.s.ComputationStepExecutor] Compute duplication measures | time=1ms
2017.05.29 17:08:57 INFO  [o.s.s.c.s.ComputationStepExecutor] Compute duplication data measures | time=0ms
2017.05.29 17:08:57 INFO  [o.s.s.c.s.ComputationStepExecutor] Compute language distribution | time=0ms
2017.05.29 17:08:57 INFO  [o.s.s.c.s.ComputationStepExecutor] Compute test measures | time=0ms
2017.05.29 17:08:57 INFO  [o.s.s.c.s.ComputationStepExecutor] Compute complexity measures | time=1ms
2017.05.29 17:08:57 INFO  [o.s.s.c.s.ComputationStepExecutor] Load measure computers | time=0ms
2017.05.29 17:08:57 INFO  [o.s.s.c.s.ExecuteVisitorsStep]   Execution time for each component visitor:
2017.05.29 17:08:57 INFO  [o.s.s.c.s.ExecuteVisitorsStep]   - LoadComponentUuidsHavingOpenIssuesVisitor | time=0ms
2017.05.29 17:08:57 INFO  [o.s.s.c.s.ExecuteVisitorsStep]   - IntegrateIssuesVisitor | time=40ms
2017.05.29 17:08:57 INFO  [o.s.s.c.s.ExecuteVisitorsStep]   - CloseIssuesOnRemovedComponentsVisitor | time=0ms
2017.05.29 17:08:57 INFO  [o.s.s.c.s.ExecuteVisitorsStep]   - QualityModelMeasuresVisitor | time=1ms
2017.05.29 17:08:57 INFO  [o.s.s.c.s.ExecuteVisitorsStep]   - NewQualityModelMeasuresVisitor | time=1ms
2017.05.29 17:08:57 INFO  [o.s.s.c.s.ExecuteVisitorsStep]   - LastCommitVisitor | time=0ms
2017.05.29 17:08:57 INFO  [o.s.s.c.s.ExecuteVisitorsStep]   - MeasureComputersVisitor | time=0ms
2017.05.29 17:08:57 INFO  [o.s.s.c.s.ComputationStepExecutor] Execute component visitors | time=42ms
2017.05.29 17:08:57 INFO  [o.s.s.c.s.ComputationStepExecutor] Compute measure variations | time=18ms
2017.05.29 17:08:57 INFO  [o.s.s.c.s.ComputationStepExecutor] Compute Quality Gate measures | time=1ms
2017.05.29 17:08:57 INFO  [o.s.s.c.s.ComputationStepExecutor] Compute Quality profile measures | time=0ms
2017.05.29 17:08:57 INFO  [o.s.s.c.s.ComputationStepExecutor] Generate Quality profile events | time=2ms
2017.05.29 17:08:57 INFO  [o.s.s.c.s.ComputationStepExecutor] Generate Quality gate events | time=1ms
2017.05.29 17:08:57 INFO  [o.s.s.c.s.ComputationStepExecutor] Persist components | time=2ms
2017.05.29 17:08:57 INFO  [o.s.s.c.s.ComputationStepExecutor] Persist snapshots | time=3ms
2017.05.29 17:08:57 INFO  [o.s.s.c.s.ComputationStepExecutor] Persist measures | time=52ms
2017.05.29 17:08:57 INFO  [o.s.s.c.s.ComputationStepExecutor] Persist issues | time=4ms
2017.05.29 17:08:57 INFO  [o.s.s.c.s.ComputationStepExecutor] Persist project links | time=6ms
2017.05.29 17:08:57 INFO  [o.s.s.c.s.ComputationStepExecutor] Persist events | time=4ms
2017.05.29 17:08:57 INFO  [o.s.s.c.s.ComputationStepExecutor] Persist sources | time=9ms
2017.05.29 17:08:57 INFO  [o.s.s.c.s.ComputationStepExecutor] Persist tests | time=0ms
2017.05.29 17:08:57 INFO  [o.s.s.c.s.ComputationStepExecutor] Persist cross project duplications index | time=0ms
2017.05.29 17:08:57 INFO  [o.s.s.c.s.ComputationStepExecutor] Enable snapshot | time=8ms
2017.05.29 17:08:57 INFO  [o.s.s.c.s.ComputationStepExecutor] Index components | time=4ms
2017.05.29 17:08:57 INFO  [o.s.s.c.s.ComputationStepExecutor] Purge db | time=23ms
2017.05.29 17:08:57 INFO  [o.s.s.c.s.ComputationStepExecutor] Apply permissions | time=0ms
2017.05.29 17:08:57 INFO  [o.s.s.c.s.ComputationStepExecutor] Index issues | time=14ms
2017.05.29 17:08:57 INFO  [o.s.s.c.s.ComputationStepExecutor] Index tests | time=38ms
2017.05.29 17:08:57 INFO  [o.s.s.c.s.ComputationStepExecutor] Send issue notifications | time=1ms
2017.05.29 17:08:57 INFO  [o.s.s.c.s.ComputationStepExecutor] Publish task results | time=0ms
2017.05.29 17:08:57 INFO  [o.s.s.c.t.CeWorkerCallableImpl] Executed task | project=GradleTest | type=REPORT | id=AVxWCk82X1YyFYKs62Oe | time=748ms
