2017.05.25 09:58:21 INFO  es[][o.s.p.ProcessEntryPoint] Starting es
2017.05.25 09:58:21 INFO  es[][o.s.s.EsSettings] Elasticsearch listening on /127.0.0.1:9001
2017.05.25 09:58:21 INFO  es[][o.elasticsearch.node] [sonarqube] version[2.4.4], pid[7222], build[fcbb46d/2017-01-03T11:33:16Z]
2017.05.25 09:58:21 INFO  es[][o.elasticsearch.node] [sonarqube] initializing ...
2017.05.25 09:58:21 INFO  es[][o.e.plugins] [sonarqube] modules [], plugins [], sites []
2017.05.25 09:58:21 INFO  es[][o.elasticsearch.env] [sonarqube] using [1] data paths, mounts [[/ (/dev/mapper/ubuntu--vg-root)]], net usable_space [135.5gb], net total_space [156.6gb], spins? [no], types [ext4]
2017.05.25 09:58:21 INFO  es[][o.elasticsearch.env] [sonarqube] heap size [990.7mb], compressed ordinary object pointers [true]
2017.05.25 09:58:24 INFO  es[][o.elasticsearch.node] [sonarqube] initialized
2017.05.25 09:58:24 INFO  es[][o.elasticsearch.node] [sonarqube] starting ...
2017.05.25 09:58:24 INFO  es[][o.e.transport] [sonarqube] publish_address {127.0.0.1:9001}, bound_addresses {127.0.0.1:9001}
2017.05.25 09:58:24 INFO  es[][o.e.discovery] [sonarqube] sonarqube/qI_noIOvQq-5UyUYGggsNw
2017.05.25 09:58:27 INFO  es[][o.e.cluster.service] [sonarqube] new_master {sonarqube}{qI_noIOvQq-5UyUYGggsNw}{127.0.0.1}{127.0.0.1:9001}{rack_id=sonarqube, master=true}, reason: zen-disco-join(elected_as_master, [0] joins received)
2017.05.25 09:58:27 INFO  es[][o.elasticsearch.node] [sonarqube] started
2017.05.25 09:58:27 INFO  es[][o.e.gateway] [sonarqube] recovered [7] indices into cluster_state
2017.05.25 09:58:31 INFO  es[][o.e.c.r.allocation] [sonarqube] Cluster health status changed from [RED] to [GREEN] (reason: [shards started [[components][0], [components][1], [components][1], [components][0]] ...]).
2017.05.25 16:31:13 INFO  es[][o.s.p.ProcessEntryPoint] Starting es
2017.05.25 16:31:13 INFO  es[][o.s.s.EsSettings] Elasticsearch listening on /127.0.0.1:9001
2017.05.25 16:31:13 INFO  es[][o.elasticsearch.node] [sonarqube] version[2.4.4], pid[29529], build[fcbb46d/2017-01-03T11:33:16Z]
2017.05.25 16:31:13 INFO  es[][o.elasticsearch.node] [sonarqube] initializing ...
2017.05.25 16:31:13 INFO  es[][o.e.plugins] [sonarqube] modules [], plugins [], sites []
2017.05.25 16:31:13 INFO  es[][o.elasticsearch.env] [sonarqube] using [1] data paths, mounts [[/ (/dev/mapper/ubuntu--vg-root)]], net usable_space [135gb], net total_space [156.6gb], spins? [no], types [ext4]
2017.05.25 16:31:13 INFO  es[][o.elasticsearch.env] [sonarqube] heap size [990.7mb], compressed ordinary object pointers [true]
2017.05.25 16:31:15 INFO  es[][o.elasticsearch.node] [sonarqube] initialized
2017.05.25 16:31:15 INFO  es[][o.elasticsearch.node] [sonarqube] starting ...
2017.05.25 16:31:15 WARN  es[][o.s.p.ProcessEntryPoint] Fail to start es
org.elasticsearch.transport.BindTransportException: Failed to bind to [9001]
	at org.elasticsearch.transport.netty.NettyTransport.bindToPort(NettyTransport.java:489)
	at org.elasticsearch.transport.netty.NettyTransport.bindServerBootstrap(NettyTransport.java:451)
	at org.elasticsearch.transport.netty.NettyTransport.doStart(NettyTransport.java:332)
	at org.elasticsearch.common.component.AbstractLifecycleComponent.start(AbstractLifecycleComponent.java:68)
	at org.elasticsearch.transport.TransportService.doStart(TransportService.java:182)
	at org.elasticsearch.common.component.AbstractLifecycleComponent.start(AbstractLifecycleComponent.java:68)
	at org.elasticsearch.node.Node.start(Node.java:278)
	at org.sonar.search.SearchServer.start(SearchServer.java:49)
	at org.sonar.process.ProcessEntryPoint.launch(ProcessEntryPoint.java:102)
	at org.sonar.search.SearchServer.main(SearchServer.java:91)
Caused by: org.jboss.netty.channel.ChannelException: Failed to bind to: /127.0.0.1:9001
	at org.jboss.netty.bootstrap.ServerBootstrap.bind(ServerBootstrap.java:272)
	at org.elasticsearch.transport.netty.NettyTransport$1.onPortNumber(NettyTransport.java:471)
	at org.elasticsearch.common.transport.PortsRange.iterate(PortsRange.java:58)
	at org.elasticsearch.transport.netty.NettyTransport.bindToPort(NettyTransport.java:467)
	... 9 common frames omitted
Caused by: java.net.BindException: Address already in use
	at sun.nio.ch.Net.bind0(Native Method)
	at sun.nio.ch.Net.bind(Net.java:433)
	at sun.nio.ch.Net.bind(Net.java:425)
	at sun.nio.ch.ServerSocketChannelImpl.bind(ServerSocketChannelImpl.java:223)
	at sun.nio.ch.ServerSocketAdaptor.bind(ServerSocketAdaptor.java:74)
	at org.jboss.netty.channel.socket.nio.NioServerBoss$RegisterTask.run(NioServerBoss.java:193)
	at org.jboss.netty.channel.socket.nio.AbstractNioSelector.processTaskQueue(AbstractNioSelector.java:391)
	at org.jboss.netty.channel.socket.nio.AbstractNioSelector.run(AbstractNioSelector.java:315)
	at org.jboss.netty.channel.socket.nio.NioServerBoss.run(NioServerBoss.java:42)
	at org.jboss.netty.util.ThreadRenamingRunnable.run(ThreadRenamingRunnable.java:108)
	at org.jboss.netty.util.internal.DeadLockProofWorker$1.run(DeadLockProofWorker.java:42)
	at java.util.concurrent.ThreadPoolExecutor.runWorker(ThreadPoolExecutor.java:1142)
	at java.util.concurrent.ThreadPoolExecutor$Worker.run(ThreadPoolExecutor.java:617)
	at java.lang.Thread.run(Thread.java:748)
2017.05.25 16:31:15 INFO  es[][o.elasticsearch.node] [sonarqube] stopping ...
2017.05.25 16:31:15 INFO  es[][o.elasticsearch.node] [sonarqube] stopped
2017.05.25 16:31:15 INFO  es[][o.elasticsearch.node] [sonarqube] closing ...
2017.05.25 16:31:15 INFO  es[][o.elasticsearch.node] [sonarqube] closed
